

Started GET "/" for 127.0.0.1 at 2013-01-26 07:20:58 -0500
Connecting to database specified by database.yml

ActiveRecord::StatementInvalid (Could not find table 'users'):
  activerecord (3.2.11) lib/active_record/connection_adapters/sqlite_adapter.rb:472:in `table_structure'
  activerecord (3.2.11) lib/active_record/connection_adapters/sqlite_adapter.rb:346:in `columns'
  activerecord (3.2.11) lib/active_record/connection_adapters/schema_cache.rb:12:in `block in initialize'
  activerecord (3.2.11) lib/active_record/model_schema.rb:228:in `yield'
  activerecord (3.2.11) lib/active_record/model_schema.rb:228:in `default'
  activerecord (3.2.11) lib/active_record/model_schema.rb:228:in `columns'
  activerecord (3.2.11) lib/active_record/model_schema.rb:248:in `column_names'
  activerecord (3.2.11) lib/active_record/model_schema.rb:261:in `column_methods_hash'
  activerecord (3.2.11) lib/active_record/dynamic_matchers.rb:74:in `all_attributes_exists?'
  activerecord (3.2.11) lib/active_record/dynamic_matchers.rb:27:in `method_missing'
  clearance (1.0.0.rc2) lib/clearance/session.rb:22:in `block in current_user'
  clearance (1.0.0.rc2) lib/clearance/session.rb:59:in `with_remember_token'
  clearance (1.0.0.rc2) lib/clearance/session.rb:21:in `current_user'
  clearance (1.0.0.rc2) lib/clearance/session.rb:40:in `signed_in?'
  clearance (1.0.0.rc2) lib/clearance/session.rb:44:in `signed_out?'
  clearance (1.0.0.rc2) lib/clearance/constraints/signed_out.rb:5:in `matches?'
  actionpack (3.2.11) lib/action_dispatch/routing/mapper.rb:29:in `block in matches?'
  actionpack (3.2.11) lib/action_dispatch/routing/mapper.rb:28:in `each'
  actionpack (3.2.11) lib/action_dispatch/routing/mapper.rb:28:in `matches?'
  actionpack (3.2.11) lib/action_dispatch/routing/mapper.rb:42:in `call'
  journey (1.0.4) lib/journey/router.rb:68:in `block in call'
  journey (1.0.4) lib/journey/router.rb:56:in `each'
  journey (1.0.4) lib/journey/router.rb:56:in `call'
  actionpack (3.2.11) lib/action_dispatch/routing/route_set.rb:601:in `call'
  actionpack (3.2.11) lib/action_dispatch/middleware/best_standards_support.rb:17:in `call'
  rack (1.4.4) lib/rack/etag.rb:23:in `call'
  rack (1.4.4) lib/rack/conditionalget.rb:25:in `call'
  actionpack (3.2.11) lib/action_dispatch/middleware/head.rb:14:in `call'
  actionpack (3.2.11) lib/action_dispatch/middleware/params_parser.rb:21:in `call'
  actionpack (3.2.11) lib/action_dispatch/middleware/flash.rb:242:in `call'
  rack (1.4.4) lib/rack/session/abstract/id.rb:210:in `context'
  rack (1.4.4) lib/rack/session/abstract/id.rb:205:in `call'
  clearance (1.0.0.rc2) lib/clearance/rack_session.rb:10:in `call'
  actionpack (3.2.11) lib/action_dispatch/middleware/cookies.rb:341:in `call'
  activerecord (3.2.11) lib/active_record/query_cache.rb:64:in `call'
  activerecord (3.2.11) lib/active_record/connection_adapters/abstract/connection_pool.rb:479:in `call'
  actionpack (3.2.11) lib/action_dispatch/middleware/callbacks.rb:28:in `block in call'
  activesupport (3.2.11) lib/active_support/callbacks.rb:405:in `_run__1889783728599337477__call__1503578878477162124__callbacks'
  activesupport (3.2.11) lib/active_support/callbacks.rb:405:in `__run_callback'
  activesupport (3.2.11) lib/active_support/callbacks.rb:385:in `_run_call_callbacks'
  activesupport (3.2.11) lib/active_support/callbacks.rb:81:in `run_callbacks'
  actionpack (3.2.11) lib/action_dispatch/middleware/callbacks.rb:27:in `call'
  actionpack (3.2.11) lib/action_dispatch/middleware/reloader.rb:65:in `call'
  actionpack (3.2.11) lib/action_dispatch/middleware/remote_ip.rb:31:in `call'
  actionpack (3.2.11) lib/action_dispatch/middleware/debug_exceptions.rb:16:in `call'
  actionpack (3.2.11) lib/action_dispatch/middleware/show_exceptions.rb:56:in `call'
  railties (3.2.11) lib/rails/rack/logger.rb:32:in `call_app'
  railties (3.2.11) lib/rails/rack/logger.rb:16:in `block in call'
  activesupport (3.2.11) lib/active_support/tagged_logging.rb:22:in `tagged'
  railties (3.2.11) lib/rails/rack/logger.rb:16:in `call'
  actionpack (3.2.11) lib/action_dispatch/middleware/request_id.rb:22:in `call'
  rack (1.4.4) lib/rack/methodoverride.rb:21:in `call'
  rack (1.4.4) lib/rack/runtime.rb:17:in `call'
  activesupport (3.2.11) lib/active_support/cache/strategy/local_cache.rb:72:in `call'
  rack (1.4.4) lib/rack/lock.rb:15:in `call'
  actionpack (3.2.11) lib/action_dispatch/middleware/static.rb:62:in `call'
  railties (3.2.11) lib/rails/engine.rb:479:in `call'
  railties (3.2.11) lib/rails/application.rb:223:in `call'
  rack (1.4.4) lib/rack/content_length.rb:14:in `call'
  railties (3.2.11) lib/rails/rack/log_tailer.rb:17:in `call'
  rack (1.4.4) lib/rack/handler/webrick.rb:59:in `service'
  /Users/nathanl/.rbenv/versions/1.9.3-p327/lib/ruby/1.9.1/webrick/httpserver.rb:138:in `service'
  /Users/nathanl/.rbenv/versions/1.9.3-p327/lib/ruby/1.9.1/webrick/httpserver.rb:94:in `run'
  /Users/nathanl/.rbenv/versions/1.9.3-p327/lib/ruby/1.9.1/webrick/server.rb:191:in `block in start_thread'


  Rendered /Users/nathanl/.rbenv/versions/1.9.3-p327/lib/ruby/gems/1.9.1/gems/actionpack-3.2.11/lib/action_dispatch/middleware/templates/rescues/_trace.erb (1.0ms)
  Rendered /Users/nathanl/.rbenv/versions/1.9.3-p327/lib/ruby/gems/1.9.1/gems/actionpack-3.2.11/lib/action_dispatch/middleware/templates/rescues/_request_and_response.erb (2.1ms)
  Rendered /Users/nathanl/.rbenv/versions/1.9.3-p327/lib/ruby/gems/1.9.1/gems/actionpack-3.2.11/lib/action_dispatch/middleware/templates/rescues/diagnostics.erb within rescues/layout (9.9ms)
